<?xml version="1.0" encoding="UTF-8"?>
<testng-results ignored="0" total="1" passed="1" failed="0" skipped="0">
  <reporter-output>
  </reporter-output>
  <suite started-at="2025-08-20T14:52:38 EDT" name="LoginSuite" finished-at="2025-08-20T14:52:43 EDT" duration-ms="4431">
    <groups>
    </groups>
    <test started-at="2025-08-20T14:52:38 EDT" name="LoginTests" finished-at="2025-08-20T14:52:43 EDT" duration-ms="4431">
      <class name="tests.LoginTest">
        <test-method is-config="true" signature="setup()[pri:0, instance:tests.LoginTest@41e36e46]" started-at="2025-08-20T14:52:38 EDT" name="setup" finished-at="2025-08-20T14:52:41 EDT" duration-ms="2654" status="PASS">
          <reporter-output>
          </reporter-output>
        </test-method> <!-- setup -->
        <test-method signature="testValidLogin()[pri:0, instance:tests.LoginTest@41e36e46]" started-at="2025-08-20T14:52:41 EDT" name="testValidLogin" finished-at="2025-08-20T14:52:43 EDT" duration-ms="1744" status="PASS">
          <reporter-output>
          </reporter-output>
        </test-method> <!-- testValidLogin -->
        <test-method is-config="true" signature="tearDown()[pri:0, instance:tests.LoginTest@41e36e46]" started-at="2025-08-20T14:52:43 EDT" name="tearDown" finished-at="2025-08-20T14:52:43 EDT" duration-ms="1" status="PASS">
          <reporter-output>
          </reporter-output>
        </test-method> <!-- tearDown -->
      </class> <!-- tests.LoginTest -->
    </test> <!-- LoginTests -->
  </suite> <!-- LoginSuite -->
</testng-results>
